\BOOKMARK [0][-]{chapter*.1}{HALAMAN PENGESAHAN}{}% 1
\BOOKMARK [0][-]{chapter*.2}{HALAMAN PERSEMBAHAN}{}% 2
\BOOKMARK [0][-]{chapter*.3}{KATA PENGANTAR}{}% 3
\BOOKMARK [0][-]{chapter*.4}{DAFTAR ISI}{}% 4
\BOOKMARK [0][-]{chapter*.5}{DAFTAR TABEL}{}% 5
\BOOKMARK [0][-]{chapter*.6}{DAFTAR GAMBAR}{}% 6
\BOOKMARK [0][-]{chapter*.7}{Abstraksi}{}% 7
\BOOKMARK [0][-]{chapter*.8}{Abstract}{}% 8
\BOOKMARK [0][-]{chapter.1}{LATAR BELAKANG}{}% 9
\BOOKMARK [1][-]{section.1.1}{Latar Belakang }{chapter.1}% 10
\BOOKMARK [1][-]{section.1.2}{Rumusan Masalah}{chapter.1}% 11
\BOOKMARK [1][-]{section.1.3}{Batasan Masalah}{chapter.1}% 12
\BOOKMARK [1][-]{section.1.4}{Tujuan Penelitian}{chapter.1}% 13
\BOOKMARK [1][-]{section.1.5}{Manfaat Penelitian}{chapter.1}% 14
\BOOKMARK [1][-]{section.1.6}{Keaslian Penelitian}{chapter.1}% 15
\BOOKMARK [1][-]{section.1.7}{Sistematika Penulisan}{chapter.1}% 16
\BOOKMARK [0][-]{chapter.2}{TINJAUAN PUSTAKA DAN DASAR TEORI}{}% 17
\BOOKMARK [1][-]{section.2.1}{Tinjauan Pustaka}{chapter.2}% 18
\BOOKMARK [1][-]{section.2.2}{Landasan Teori}{chapter.2}% 19
\BOOKMARK [2][-]{subsection.2.2.1}{LaTeX}{section.2.2}% 20
\BOOKMARK [2][-]{subsection.2.2.2}{Sublime Text}{section.2.2}% 21
\BOOKMARK [0][-]{chapter.3}{METODOLOGI PENELITIAN}{}% 22
\BOOKMARK [1][-]{section.3.1}{Alat dan Bahan}{chapter.3}% 23
\BOOKMARK [2][-]{subsection.3.1.1}{Perangkat Keras}{section.3.1}% 24
\BOOKMARK [2][-]{subsection.3.1.2}{Perangkat Lunak}{section.3.1}% 25
\BOOKMARK [1][-]{section.3.2}{Alur Penelitian}{chapter.3}% 26
\BOOKMARK [1][-]{section.3.3}{Tahapan Pelaksanaan}{chapter.3}% 27
\BOOKMARK [1][-]{section.3.4}{Jadwal Kegiatan}{chapter.3}% 28
\BOOKMARK [0][-]{chapter.4}{HASIL DAN PEMBAHASAN}{}% 29
\BOOKMARK [1][-]{section.4.1}{Subbab 1}{chapter.4}% 30
\BOOKMARK [1][-]{section.4.2}{Subbab 2}{chapter.4}% 31
\BOOKMARK [2][-]{subsection.4.2.1}{Subsubbab 2 1}{section.4.2}% 32
\BOOKMARK [2][-]{subsection.4.2.2}{Subsubbab 2 2}{section.4.2}% 33
\BOOKMARK [1][-]{section.4.3}{Subab 3}{chapter.4}% 34
\BOOKMARK [0][-]{chapter.5}{KESIMPULAN DAN SARAN}{}% 35
\BOOKMARK [1][-]{section.5.1}{Kesimpulan}{chapter.5}% 36
\BOOKMARK [1][-]{section.5.2}{Saran}{chapter.5}% 37
\BOOKMARK [0][-]{Item.35}{DAFTAR PUSTAKA}{}% 38
